<?xml version="1.0" encoding="UTF-8"?>
<testsuite xmlns:xsi="http://www.w3.org/2001/XMLSchema-instance" xsi:noNamespaceSchemaLocation="https://maven.apache.org/surefire/maven-surefire-plugin/xsd/surefire-test-report-3.0.xsd" version="3.0" name="drinkshop.domain.ProductTest" time="0.115" tests="10" errors="0" skipped="0" failures="0">
  <properties>
[...]
</properties>
  <testcase name="getTip" classname="drinkshop.domain.ProductTest" time="0.032"/>
  <testcase name="setCategorie" classname="drinkshop.domain.ProductTest" time="0.0"/>
  <testcase name="testToString" classname="drinkshop.domain.ProductTest" time="0.017">
    <system-out><![CDATA[Limonada (JUICE, WATER_BASED) - 10.0 lei
]]></system-out>
  </testcase>
  <testcase name="setTip" classname="drinkshop.domain.ProductTest" time="0.0"/>
  <testcase name="getNume" classname="drinkshop.domain.ProductTest" time="0.0"/>
  <testcase name="getPret" classname="drinkshop.domain.ProductTest" time="0.0"/>
  <testcase name="getId" classname="drinkshop.domain.ProductTest" time="0.0"/>
  <testcase name="getCategorie" classname="drinkshop.domain.ProductTest" time="0.0"/>
  <testcase name="setNume" classname="drinkshop.domain.ProductTest" time="0.015"/>
  <testcase name="setPret" classname="drinkshop.domain.ProductTest" time="0.0"/>
</testsuite>